HTTP/1.1 500 Internal Server Error
Content-Language: en,ru
Content-Type: text/html; charset=UTF-8
Date: Tue 29 Jun 2021 18:25:17 GMT
Retry-After: 1
Server: webserv/1.0
Title: webserv (project for 21 school)
Content-Length: 0



=================================================================


=================================================================
HTTP/1.1 500 Internal Server Error
Content-Language: en,ru
Content-Type: text/html; charset=UTF-8
Date: Tue 29 Jun 2021 18:25:24 GMT
Retry-After: 1
Server: webserv/1.0
Title: webserv (project for 21 school)
Content-Length: 0



=================================================================


=================================================================


=================================================================
HTTP/1.1 500 Internal Server Error
Content-Language: en,ru
Content-Type: text/html; charset=UTF-8
Date: Tue 29 Jun 2021 18:25:46 GMT
Retry-After: 1
Server: webserv/1.0
Title: webserv (project for 21 school)
Content-Length: 0



=================================================================


=================================================================
HTTP/1.1 500 Internal Server Error
Content-Language: en,ru
Content-Type: text/html; charset=UTF-8
Date: Tue 29 Jun 2021 18:25:53 GMT
Retry-After: 1
Server: webserv/1.0
Title: webserv (project for 21 school)
Content-Length: 0



=================================================================


=================================================================
HTTP/1.1 500 Internal Server Error
Content-Language: en,ru
Content-Type: text/html; charset=UTF-8
Date: Tue 29 Jun 2021 18:26:25 GMT
Retry-After: 1
Server: webserv/1.0
Title: webserv (project for 21 school)
Content-Length: 0



=================================================================


=================================================================
HTTP/1.1 500 Internal Server Error
Content-Language: en,ru
Content-Type: text/html; charset=UTF-8
Date: Tue 29 Jun 2021 18:26:25 GMT
Retry-After: 1
Server: webserv/1.0
Title: webserv (project for 21 school)
Content-Length: 0



=================================================================


=================================================================
HTTP/1.1 500 Internal Server Error
Content-Language: en,ru
Content-Type: text/html; charset=UTF-8
Date: Tue 29 Jun 2021 18:26:25 GMT
Retry-After: 1
Server: webserv/1.0
Title: webserv (project for 21 school)
Content-Length: 0



=================================================================


=================================================================
HTTP/1.1 500 Internal Server Error
Content-Language: en,ru
Content-Type: text/html; charset=UTF-8
Date: Tue 29 Jun 2021 18:26:26 GMT
Retry-After: 1
Server: webserv/1.0
Title: webserv (project for 21 school)
Content-Length: 0



=================================================================


=================================================================
HTTP/1.1 500 Internal Server Error
Content-Language: en,ru
Content-Type: text/html; charset=UTF-8
Date: Tue 29 Jun 2021 18:26:26 GMT
Retry-After: 1
Server: webserv/1.0
Title: webserv (project for 21 school)
Content-Length: 0



=================================================================


=================================================================
HTTP/1.1 500 Internal Server Error
Content-Language: en,ru
Content-Type: text/html; charset=UTF-8
Date: Tue 29 Jun 2021 18:26:26 GMT
Retry-After: 1
Server: webserv/1.0
Title: webserv (project for 21 school)
Content-Length: 0



=================================================================


=================================================================
HTTP/1.1 500 Internal Server Error
Content-Language: en,ru
Content-Type: text/html; charset=UTF-8
Date: Tue 29 Jun 2021 18:26:26 GMT
Retry-After: 1
Server: webserv/1.0
Title: webserv (project for 21 school)
Content-Length: 0



=================================================================


=================================================================
HTTP/1.1 500 Internal Server Error
Content-Language: en,ru
Content-Type: text/html; charset=UTF-8
Date: Tue 29 Jun 2021 18:26:26 GMT
Retry-After: 1
Server: webserv/1.0
Title: webserv (project for 21 school)
Content-Length: 0



=================================================================


=================================================================
HTTP/1.1 500 Internal Server Error
Content-Language: en,ru
Content-Type: text/html; charset=UTF-8
Date: Tue 29 Jun 2021 18:26:26 GMT
Retry-After: 1
Server: webserv/1.0
Title: webserv (project for 21 school)
Content-Length: 0



=================================================================


=================================================================
HTTP/1.1 200 OK
Content-Language: en,ru
Content-Type: text/html; charset=UTF-8
Date: Tue 29 Jun 2021 18:27:12 GMT
Retry-After: 1
Server: webserv/1.0
Title: webserv (project for 21 school)
Content-Length: 1047

<html>
<head>
	<title>WebServ1.0/gallery</title>
	<style>
		* {
			margin: 0;
			padding: 0;
			font-family: Verdana, Geneva, Tahoma, sans-serif;
		}
		body { 
			background-color: #fffff3; 
		} 
		h1 { 
			font-size:2cm; text-align: center; margin-top: 70px; color: black; text-shadow: 0 0 2mm green 
		}
		h2 {
			margin-left: 22px;
		}
		.menu {
			background-color: coral;
			display: flex;
			width: 100%;

		}
		.menu li {
			border: 1px solid black;
			list-style-type: none;
			border-radius: 10%;
			margin-left: 22px;
		}
		.menu li a 
		{
			border-radius: 10%;
			display: block;
			width: 100%;
			font-size: 23px;
			text-decoration: none;
			color: #000;
		}
		.menu li a:hover 
		{
			background-color: #fffff3;
		}
		.loaded {
			background-color: #fffff3;
		}
	</style>
</head>
<body>
	<h1>WebServ 1.0</h1>
	<h2>GALLERY</h2>
	<ul class="menu">
		<li ><a href="/">HOME</a></li>
		<li><a href="/about">ABOUT</a></li>
		<li class="loaded"><a href="#">GALLERY</a></li>
		<li><a href="/contact">CONTACT</a></li>
	</ul>
</body>
</html>

=================================================================


=================================================================
HTTP/1.1 200 OK
Content-Language: en,ru
Content-Type: text/html; charset=UTF-8
Date: Tue 29 Jun 2021 18:27:13 GMT
Retry-After: 1
Server: webserv/1.0
Title: webserv (project for 21 school)
Content-Length: 1216

<html>
<head>
	<title>WebServ1.0/contact</title>
	<style>
		* {
			margin: 0;
			padding: 0;
			font-family: Verdana, Geneva, Tahoma, sans-serif;
		}
		body { 
			background-color: #fffff3; 
		} 
		h1 { 
			font-size:2cm; text-align: center; margin-top: 70px; color: black; text-shadow: 0 0 2mm green 
		}
		h2 {
			margin-left: 22px;
		}
		.menu {
			background-color: coral;
			display: flex;
			width: 100%;

		}
		.menu li {
			border: 1px solid black;
			list-style-type: none;
			border-radius: 10%;
			margin-left: 22px;
		}
		.menu li a 
		{
			border-radius: 10%;
			display: block;
			width: 100%;
			font-size: 23px;
			text-decoration: none;
			color: #000;
		}
		.menu li a:hover 
		{
			background-color: #fffff3;
		}
		.loaded {
			background-color: #fffff3;
		}
	</style>
</head>
<body>
	<h1>WebServ 1.0</h1>
	<h2>CONTACT</h2>
	<ul class="menu">
		<li><a href="/">HOME</a></li>
		<li><a href="/about">ABOUT</a></li>
		<li><a href="/gallery">GALLERY</a></li>
		<li class="loaded"><a href="#">CONTACT</a></li>
	</ul>

	<form action="" method="POST">
		<input type="text">
		<input type="tel">
		<textarea name="" id="" cols="30" rows="10">dsd</textarea>
		<input type="submit">
	</form>
</body>
</html>

=================================================================


=================================================================
HTTP/1.1 200 OK
Content-Language: en,ru
Content-Type: text/html; charset=UTF-8
Date: Tue 29 Jun 2021 18:27:14 GMT
Retry-After: 1
Server: webserv/1.0
Title: webserv (project for 21 school)
Content-Length: 1047

<html>
<head>
	<title>WebServ1.0/gallery</title>
	<style>
		* {
			margin: 0;
			padding: 0;
			font-family: Verdana, Geneva, Tahoma, sans-serif;
		}
		body { 
			background-color: #fffff3; 
		} 
		h1 { 
			font-size:2cm; text-align: center; margin-top: 70px; color: black; text-shadow: 0 0 2mm green 
		}
		h2 {
			margin-left: 22px;
		}
		.menu {
			background-color: coral;
			display: flex;
			width: 100%;

		}
		.menu li {
			border: 1px solid black;
			list-style-type: none;
			border-radius: 10%;
			margin-left: 22px;
		}
		.menu li a 
		{
			border-radius: 10%;
			display: block;
			width: 100%;
			font-size: 23px;
			text-decoration: none;
			color: #000;
		}
		.menu li a:hover 
		{
			background-color: #fffff3;
		}
		.loaded {
			background-color: #fffff3;
		}
	</style>
</head>
<body>
	<h1>WebServ 1.0</h1>
	<h2>GALLERY</h2>
	<ul class="menu">
		<li ><a href="/">HOME</a></li>
		<li><a href="/about">ABOUT</a></li>
		<li class="loaded"><a href="#">GALLERY</a></li>
		<li><a href="/contact">CONTACT</a></li>
	</ul>
</body>
</html>

=================================================================


=================================================================
HTTP/1.1 200 OK
Content-Language: en,ru
Content-Type: text/html; charset=UTF-8
Date: Tue 29 Jun 2021 18:27:14 GMT
Retry-After: 1
Server: webserv/1.0
Title: webserv (project for 21 school)
Content-Length: 1044

<html>
<head>
	<title>WebServ1.0/about</title>
	<style>
		* {
			margin: 0;
			padding: 0;
			font-family: Verdana, Geneva, Tahoma, sans-serif;
		}
		body { 
			background-color: #fffff3; 
		} 
		h1 { 
			font-size:2cm; text-align: center; margin-top: 70px; color: black; text-shadow: 0 0 2mm green 
		}
		h2 {
			margin-left: 22px;
		}
		.menu {
			background-color: coral;
			display: flex;
			width: 100%;

		}
		.menu li {
			border: 1px solid black;
			list-style-type: none;
			border-radius: 10%;
			margin-left: 22px;
		}
		.menu li a 
		{
			border-radius: 10%;
			display: block;
			width: 100%;
			font-size: 23px;
			text-decoration: none;
			color: #000;
		}
		.menu li a:hover 
		{
			background-color: #fffff3;
		}
		.loaded {
			background-color: #fffff3;
		}
	</style>
</head>
<body>
	<h1>WebServ 1.0</h1>
	<h2>ABOUT</h2>
	<ul class="menu">
		<li><a href="/">HOME</a></li>
		<li class="loaded"><a href="#">ABOUT</a></li>
		<li><a href="/gallery">GALLERY</a></li>
		<li><a href="/contact">CONTACT</a></li>
	</ul>
</body>
</html>

=================================================================


=================================================================
HTTP/1.1 200 OK
Content-Language: en,ru
Content-Type: text/html; charset=UTF-8
Date: Tue 29 Jun 2021 18:27:15 GMT
Retry-After: 1
Server: webserv/1.0
Title: webserv (project for 21 school)
Content-Length: 1115

<html>
<head>
	<title>WebServ1.0</title>
		<!-- <link rel="stylesheet" href="style.css" type="text/css"> -->
	<style>
		* {
			margin: 0;
			padding: 0;
			font-family: Verdana, Geneva, Tahoma, sans-serif;
		}
		body { 
			background-color: #fffff3; 
		} 
		h1 { 
			font-size:2cm; text-align: center; margin-top: 70px; color: black; text-shadow: 0 0 2mm green 
		}
		h2 {
			margin-left: 22px;
		}
		.menu {
			background-color: coral;
			display: flex;
			width: 100%;

		}
		.menu li {
			border: 1px solid black;
			list-style-type: none;
			border-radius: 10%;
			margin-left: 22px;
		}
		.menu li a 
		{
			border-radius: 10%;
			display: block;
			width: 100%;
			font-size: 23px;
			text-decoration: none;
			color: #000;
		}
		.menu li a:hover 
		{
			background-color: #fffff3;
		}
		.loaded {
			background-color: #fffff3;
		}
	</style>
</head>
<body>
	<h1>WebServ 1.0</h1>
	<h2>HOME PAGE</h2>
	<ul class="menu">
		<li class="loaded"><a href="#">HOME</a></li>
		<li><a href="/about">ABOUT</a></li>
		<li><a href="/gallery">GALLERY</a></li>
		<li><a href="/contact">CONTACT</a></li>
	</ul>
</body>
</html>

=================================================================


=================================================================
HTTP/1.1 200 OK
Content-Language: en,ru
Content-Type: text/html; charset=UTF-8
Date: Tue 29 Jun 2021 18:27:15 GMT
Retry-After: 1
Server: webserv/1.0
Title: webserv (project for 21 school)
Content-Length: 1044

<html>
<head>
	<title>WebServ1.0/about</title>
	<style>
		* {
			margin: 0;
			padding: 0;
			font-family: Verdana, Geneva, Tahoma, sans-serif;
		}
		body { 
			background-color: #fffff3; 
		} 
		h1 { 
			font-size:2cm; text-align: center; margin-top: 70px; color: black; text-shadow: 0 0 2mm green 
		}
		h2 {
			margin-left: 22px;
		}
		.menu {
			background-color: coral;
			display: flex;
			width: 100%;

		}
		.menu li {
			border: 1px solid black;
			list-style-type: none;
			border-radius: 10%;
			margin-left: 22px;
		}
		.menu li a 
		{
			border-radius: 10%;
			display: block;
			width: 100%;
			font-size: 23px;
			text-decoration: none;
			color: #000;
		}
		.menu li a:hover 
		{
			background-color: #fffff3;
		}
		.loaded {
			background-color: #fffff3;
		}
	</style>
</head>
<body>
	<h1>WebServ 1.0</h1>
	<h2>ABOUT</h2>
	<ul class="menu">
		<li><a href="/">HOME</a></li>
		<li class="loaded"><a href="#">ABOUT</a></li>
		<li><a href="/gallery">GALLERY</a></li>
		<li><a href="/contact">CONTACT</a></li>
	</ul>
</body>
</html>

=================================================================


=================================================================
HTTP/1.1 200 OK
Content-Language: en,ru
Content-Type: text/html; charset=UTF-8
Date: Tue 29 Jun 2021 18:27:15 GMT
Retry-After: 1
Server: webserv/1.0
Title: webserv (project for 21 school)
Content-Length: 1115

<html>
<head>
	<title>WebServ1.0</title>
		<!-- <link rel="stylesheet" href="style.css" type="text/css"> -->
	<style>
		* {
			margin: 0;
			padding: 0;
			font-family: Verdana, Geneva, Tahoma, sans-serif;
		}
		body { 
			background-color: #fffff3; 
		} 
		h1 { 
			font-size:2cm; text-align: center; margin-top: 70px; color: black; text-shadow: 0 0 2mm green 
		}
		h2 {
			margin-left: 22px;
		}
		.menu {
			background-color: coral;
			display: flex;
			width: 100%;

		}
		.menu li {
			border: 1px solid black;
			list-style-type: none;
			border-radius: 10%;
			margin-left: 22px;
		}
		.menu li a 
		{
			border-radius: 10%;
			display: block;
			width: 100%;
			font-size: 23px;
			text-decoration: none;
			color: #000;
		}
		.menu li a:hover 
		{
			background-color: #fffff3;
		}
		.loaded {
			background-color: #fffff3;
		}
	</style>
</head>
<body>
	<h1>WebServ 1.0</h1>
	<h2>HOME PAGE</h2>
	<ul class="menu">
		<li class="loaded"><a href="#">HOME</a></li>
		<li><a href="/about">ABOUT</a></li>
		<li><a href="/gallery">GALLERY</a></li>
		<li><a href="/contact">CONTACT</a></li>
	</ul>
</body>
</html>

=================================================================


=================================================================
HTTP/1.1 200 OK
Content-Language: en,ru
Content-Type: text/html; charset=UTF-8
Date: Tue 29 Jun 2021 18:27:16 GMT
Retry-After: 1
Server: webserv/1.0
Title: webserv (project for 21 school)
Content-Length: 1047

<html>
<head>
	<title>WebServ1.0/gallery</title>
	<style>
		* {
			margin: 0;
			padding: 0;
			font-family: Verdana, Geneva, Tahoma, sans-serif;
		}
		body { 
			background-color: #fffff3; 
		} 
		h1 { 
			font-size:2cm; text-align: center; margin-top: 70px; color: black; text-shadow: 0 0 2mm green 
		}
		h2 {
			margin-left: 22px;
		}
		.menu {
			background-color: coral;
			display: flex;
			width: 100%;

		}
		.menu li {
			border: 1px solid black;
			list-style-type: none;
			border-radius: 10%;
			margin-left: 22px;
		}
		.menu li a 
		{
			border-radius: 10%;
			display: block;
			width: 100%;
			font-size: 23px;
			text-decoration: none;
			color: #000;
		}
		.menu li a:hover 
		{
			background-color: #fffff3;
		}
		.loaded {
			background-color: #fffff3;
		}
	</style>
</head>
<body>
	<h1>WebServ 1.0</h1>
	<h2>GALLERY</h2>
	<ul class="menu">
		<li ><a href="/">HOME</a></li>
		<li><a href="/about">ABOUT</a></li>
		<li class="loaded"><a href="#">GALLERY</a></li>
		<li><a href="/contact">CONTACT</a></li>
	</ul>
</body>
</html>

=================================================================


=================================================================
HTTP/1.1 200 OK
Content-Language: en,ru
Content-Type: text/html; charset=UTF-8
Date: Tue 29 Jun 2021 18:27:17 GMT
Retry-After: 1
Server: webserv/1.0
Title: webserv (project for 21 school)
Content-Length: 1216

<html>
<head>
	<title>WebServ1.0/contact</title>
	<style>
		* {
			margin: 0;
			padding: 0;
			font-family: Verdana, Geneva, Tahoma, sans-serif;
		}
		body { 
			background-color: #fffff3; 
		} 
		h1 { 
			font-size:2cm; text-align: center; margin-top: 70px; color: black; text-shadow: 0 0 2mm green 
		}
		h2 {
			margin-left: 22px;
		}
		.menu {
			background-color: coral;
			display: flex;
			width: 100%;

		}
		.menu li {
			border: 1px solid black;
			list-style-type: none;
			border-radius: 10%;
			margin-left: 22px;
		}
		.menu li a 
		{
			border-radius: 10%;
			display: block;
			width: 100%;
			font-size: 23px;
			text-decoration: none;
			color: #000;
		}
		.menu li a:hover 
		{
			background-color: #fffff3;
		}
		.loaded {
			background-color: #fffff3;
		}
	</style>
</head>
<body>
	<h1>WebServ 1.0</h1>
	<h2>CONTACT</h2>
	<ul class="menu">
		<li><a href="/">HOME</a></li>
		<li><a href="/about">ABOUT</a></li>
		<li><a href="/gallery">GALLERY</a></li>
		<li class="loaded"><a href="#">CONTACT</a></li>
	</ul>

	<form action="" method="POST">
		<input type="text">
		<input type="tel">
		<textarea name="" id="" cols="30" rows="10">dsd</textarea>
		<input type="submit">
	</form>
</body>
</html>

=================================================================


=================================================================
HTTP/1.1 200 OK
Content-Language: en,ru
Content-Type: text/html; charset=UTF-8
Date: Tue 29 Jun 2021 18:27:21 GMT
Retry-After: 1
Server: webserv/1.0
Title: webserv (project for 21 school)
Content-Length: 1047

<html>
<head>
	<title>WebServ1.0/gallery</title>
	<style>
		* {
			margin: 0;
			padding: 0;
			font-family: Verdana, Geneva, Tahoma, sans-serif;
		}
		body { 
			background-color: #fffff3; 
		} 
		h1 { 
			font-size:2cm; text-align: center; margin-top: 70px; color: black; text-shadow: 0 0 2mm green 
		}
		h2 {
			margin-left: 22px;
		}
		.menu {
			background-color: coral;
			display: flex;
			width: 100%;

		}
		.menu li {
			border: 1px solid black;
			list-style-type: none;
			border-radius: 10%;
			margin-left: 22px;
		}
		.menu li a 
		{
			border-radius: 10%;
			display: block;
			width: 100%;
			font-size: 23px;
			text-decoration: none;
			color: #000;
		}
		.menu li a:hover 
		{
			background-color: #fffff3;
		}
		.loaded {
			background-color: #fffff3;
		}
	</style>
</head>
<body>
	<h1>WebServ 1.0</h1>
	<h2>GALLERY</h2>
	<ul class="menu">
		<li ><a href="/">HOME</a></li>
		<li><a href="/about">ABOUT</a></li>
		<li class="loaded"><a href="#">GALLERY</a></li>
		<li><a href="/contact">CONTACT</a></li>
	</ul>
</body>
</html>

=================================================================


=================================================================
HTTP/1.1 200 OK
Content-Language: en,ru
Content-Type: text/html; charset=UTF-8
Date: Tue 29 Jun 2021 18:27:21 GMT
Retry-After: 1
Server: webserv/1.0
Title: webserv (project for 21 school)
Content-Length: 1044

<html>
<head>
	<title>WebServ1.0/about</title>
	<style>
		* {
			margin: 0;
			padding: 0;
			font-family: Verdana, Geneva, Tahoma, sans-serif;
		}
		body { 
			background-color: #fffff3; 
		} 
		h1 { 
			font-size:2cm; text-align: center; margin-top: 70px; color: black; text-shadow: 0 0 2mm green 
		}
		h2 {
			margin-left: 22px;
		}
		.menu {
			background-color: coral;
			display: flex;
			width: 100%;

		}
		.menu li {
			border: 1px solid black;
			list-style-type: none;
			border-radius: 10%;
			margin-left: 22px;
		}
		.menu li a 
		{
			border-radius: 10%;
			display: block;
			width: 100%;
			font-size: 23px;
			text-decoration: none;
			color: #000;
		}
		.menu li a:hover 
		{
			background-color: #fffff3;
		}
		.loaded {
			background-color: #fffff3;
		}
	</style>
</head>
<body>
	<h1>WebServ 1.0</h1>
	<h2>ABOUT</h2>
	<ul class="menu">
		<li><a href="/">HOME</a></li>
		<li class="loaded"><a href="#">ABOUT</a></li>
		<li><a href="/gallery">GALLERY</a></li>
		<li><a href="/contact">CONTACT</a></li>
	</ul>
</body>
</html>

=================================================================


=================================================================
HTTP/1.1 200 OK
Content-Language: en,ru
Content-Type: text/html; charset=UTF-8
Date: Tue 29 Jun 2021 18:27:22 GMT
Retry-After: 1
Server: webserv/1.0
Title: webserv (project for 21 school)
Content-Length: 1115

<html>
<head>
	<title>WebServ1.0</title>
		<!-- <link rel="stylesheet" href="style.css" type="text/css"> -->
	<style>
		* {
			margin: 0;
			padding: 0;
			font-family: Verdana, Geneva, Tahoma, sans-serif;
		}
		body { 
			background-color: #fffff3; 
		} 
		h1 { 
			font-size:2cm; text-align: center; margin-top: 70px; color: black; text-shadow: 0 0 2mm green 
		}
		h2 {
			margin-left: 22px;
		}
		.menu {
			background-color: coral;
			display: flex;
			width: 100%;

		}
		.menu li {
			border: 1px solid black;
			list-style-type: none;
			border-radius: 10%;
			margin-left: 22px;
		}
		.menu li a 
		{
			border-radius: 10%;
			display: block;
			width: 100%;
			font-size: 23px;
			text-decoration: none;
			color: #000;
		}
		.menu li a:hover 
		{
			background-color: #fffff3;
		}
		.loaded {
			background-color: #fffff3;
		}
	</style>
</head>
<body>
	<h1>WebServ 1.0</h1>
	<h2>HOME PAGE</h2>
	<ul class="menu">
		<li class="loaded"><a href="#">HOME</a></li>
		<li><a href="/about">ABOUT</a></li>
		<li><a href="/gallery">GALLERY</a></li>
		<li><a href="/contact">CONTACT</a></li>
	</ul>
</body>
</html>

=================================================================


=================================================================


=================================================================
HTTP/1.1 200 OK
Content-Language: en,ru
Content-Type: text/html; charset=UTF-8
Date: Tue 29 Jun 2021 18:27:36 GMT
Retry-After: 1
Server: webserv/1.0
Title: webserv (project for 21 school)
Content-Length: 1044

<html>
<head>
	<title>WebServ1.0/about</title>
	<style>
		* {
			margin: 0;
			padding: 0;
			font-family: Verdana, Geneva, Tahoma, sans-serif;
		}
		body { 
			background-color: #fffff3; 
		} 
		h1 { 
			font-size:2cm; text-align: center; margin-top: 70px; color: black; text-shadow: 0 0 2mm green 
		}
		h2 {
			margin-left: 22px;
		}
		.menu {
			background-color: coral;
			display: flex;
			width: 100%;

		}
		.menu li {
			border: 1px solid black;
			list-style-type: none;
			border-radius: 10%;
			margin-left: 22px;
		}
		.menu li a 
		{
			border-radius: 10%;
			display: block;
			width: 100%;
			font-size: 23px;
			text-decoration: none;
			color: #000;
		}
		.menu li a:hover 
		{
			background-color: #fffff3;
		}
		.loaded {
			background-color: #fffff3;
		}
	</style>
</head>
<body>
	<h1>WebServ 1.0</h1>
	<h2>ABOUT</h2>
	<ul class="menu">
		<li><a href="/">HOME</a></li>
		<li class="loaded"><a href="#">ABOUT</a></li>
		<li><a href="/gallery">GALLERY</a></li>
		<li><a href="/contact">CONTACT</a></li>
	</ul>
</body>
</html>

=================================================================


=================================================================
HTTP/1.1 200 OK
Content-Language: en,ru
Content-Type: text/html; charset=UTF-8
Date: Tue 29 Jun 2021 18:27:37 GMT
Retry-After: 1
Server: webserv/1.0
Title: webserv (project for 21 school)
Content-Length: 1047

<html>
<head>
	<title>WebServ1.0/gallery</title>
	<style>
		* {
			margin: 0;
			padding: 0;
			font-family: Verdana, Geneva, Tahoma, sans-serif;
		}
		body { 
			background-color: #fffff3; 
		} 
		h1 { 
			font-size:2cm; text-align: center; margin-top: 70px; color: black; text-shadow: 0 0 2mm green 
		}
		h2 {
			margin-left: 22px;
		}
		.menu {
			background-color: coral;
			display: flex;
			width: 100%;

		}
		.menu li {
			border: 1px solid black;
			list-style-type: none;
			border-radius: 10%;
			margin-left: 22px;
		}
		.menu li a 
		{
			border-radius: 10%;
			display: block;
			width: 100%;
			font-size: 23px;
			text-decoration: none;
			color: #000;
		}
		.menu li a:hover 
		{
			background-color: #fffff3;
		}
		.loaded {
			background-color: #fffff3;
		}
	</style>
</head>
<body>
	<h1>WebServ 1.0</h1>
	<h2>GALLERY</h2>
	<ul class="menu">
		<li ><a href="/">HOME</a></li>
		<li><a href="/about">ABOUT</a></li>
		<li class="loaded"><a href="#">GALLERY</a></li>
		<li><a href="/contact">CONTACT</a></li>
	</ul>
</body>
</html>

=================================================================


=================================================================
HTTP/1.1 200 OK
Content-Language: en,ru
Content-Type: text/html; charset=UTF-8
Date: Tue 29 Jun 2021 18:33:03 GMT
Retry-After: 1
Server: webserv/1.0
Title: webserv (project for 21 school)
Content-Length: 640

<html>
<body>
<h1>Directory listing:</h1>
<a href="/Users/arannara/webserv/www/site.com/.">.</a><br><a href="/Users/arannara/webserv/www/site.com/..">..</a><br><a href="/Users/arannara/webserv/www/site.com/about.html">about.html</a><br><a href="/Users/arannara/webserv/www/site.com/contact.html">contact.html</a><br><a href="/Users/arannara/webserv/www/site.com/favicon.ico">favicon.ico</a><br><a href="/Users/arannara/webserv/www/site.com/gallery.html">gallery.html</a><br><a href="/Users/arannara/webserv/www/site.com/index.html">index.html</a><br><a href="/Users/arannara/webserv/www/site.com/style.css">style.css</a><br></body>
</html>


=================================================================


=================================================================
HTTP/1.1 200 OK
Content-Language: en,ru
Content-Type: text/html; charset=UTF-8
Date: Tue 29 Jun 2021 19:25:00 GMT
Retry-After: 1
Server: webserv/1.0
Title: webserv (project for 21 school)
Content-Length: 640

<html>
<body>
<h1>Directory listing:</h1>
<a href="/Users/arannara/webserv/www/site.com/.">.</a><br><a href="/Users/arannara/webserv/www/site.com/..">..</a><br><a href="/Users/arannara/webserv/www/site.com/about.html">about.html</a><br><a href="/Users/arannara/webserv/www/site.com/contact.html">contact.html</a><br><a href="/Users/arannara/webserv/www/site.com/favicon.ico">favicon.ico</a><br><a href="/Users/arannara/webserv/www/site.com/gallery.html">gallery.html</a><br><a href="/Users/arannara/webserv/www/site.com/index.html">index.html</a><br><a href="/Users/arannara/webserv/www/site.com/style.css">style.css</a><br></body>
</html>


=================================================================


=================================================================
HTTP/1.1 404 Not Found
Content-Language: en,ru
Content-Type: text/html; charset=UTF-8
Date: Tue 29 Jun 2021 19:25:01 GMT
Retry-After: 1
Server: webserv/1.0
Title: webserv (project for 21 school)
Content-Length: 283

<html>
<head>
	<title>WebServ 1.0</title>
	<style>
	body { background-color: #fffff3; } 
	h1 { font-size:2cm; text-align: center; margin-top: 70px; color: black; text-shadow: 0 0 2mm green }
	</style>
</head>
<body>
	<h1>404</h1>
	<p>this page no exist</p>
	<h2></h2>
</body>
</html>

=================================================================


=================================================================


=================================================================
HTTP/1.1 404 Not Found
Content-Language: en,ru
Content-Type: text/html; charset=UTF-8
Date: Tue 29 Jun 2021 19:25:03 GMT
Retry-After: 1
Server: webserv/1.0
Title: webserv (project for 21 school)
Content-Length: 283

<html>
<head>
	<title>WebServ 1.0</title>
	<style>
	body { background-color: #fffff3; } 
	h1 { font-size:2cm; text-align: center; margin-top: 70px; color: black; text-shadow: 0 0 2mm green }
	</style>
</head>
<body>
	<h1>404</h1>
	<p>this page no exist</p>
	<h2></h2>
</body>
</html>

=================================================================


=================================================================


=================================================================
HTTP/1.1 404 Not Found
Content-Language: en,ru
Content-Type: text/html; charset=UTF-8
Date: Tue 29 Jun 2021 19:25:05 GMT
Retry-After: 1
Server: webserv/1.0
Title: webserv (project for 21 school)
Content-Length: 283

<html>
<head>
	<title>WebServ 1.0</title>
	<style>
	body { background-color: #fffff3; } 
	h1 { font-size:2cm; text-align: center; margin-top: 70px; color: black; text-shadow: 0 0 2mm green }
	</style>
</head>
<body>
	<h1>404</h1>
	<p>this page no exist</p>
	<h2></h2>
</body>
</html>

=================================================================


=================================================================


=================================================================
HTTP/1.1 404 Not Found
Content-Language: en,ru
Content-Type: text/html; charset=UTF-8
Date: Tue 29 Jun 2021 19:25:07 GMT
Retry-After: 1
Server: webserv/1.0
Title: webserv (project for 21 school)
Content-Length: 283

<html>
<head>
	<title>WebServ 1.0</title>
	<style>
	body { background-color: #fffff3; } 
	h1 { font-size:2cm; text-align: center; margin-top: 70px; color: black; text-shadow: 0 0 2mm green }
	</style>
</head>
<body>
	<h1>404</h1>
	<p>this page no exist</p>
	<h2></h2>
</body>
</html>

=================================================================


=================================================================


=================================================================
HTTP/1.1 404 Not Found
Content-Language: en,ru
Content-Type: text/html; charset=UTF-8
Date: Tue 29 Jun 2021 19:25:09 GMT
Retry-After: 1
Server: webserv/1.0
Title: webserv (project for 21 school)
Content-Length: 283

<html>
<head>
	<title>WebServ 1.0</title>
	<style>
	body { background-color: #fffff3; } 
	h1 { font-size:2cm; text-align: center; margin-top: 70px; color: black; text-shadow: 0 0 2mm green }
	</style>
</head>
<body>
	<h1>404</h1>
	<p>this page no exist</p>
	<h2></h2>
</body>
</html>

=================================================================


=================================================================


=================================================================
HTTP/1.1 404 Not Found
Content-Language: en,ru
Content-Type: text/html; charset=UTF-8
Date: Tue 29 Jun 2021 19:25:17 GMT
Retry-After: 1
Server: webserv/1.0
Title: webserv (project for 21 school)
Content-Length: 283

<html>
<head>
	<title>WebServ 1.0</title>
	<style>
	body { background-color: #fffff3; } 
	h1 { font-size:2cm; text-align: center; margin-top: 70px; color: black; text-shadow: 0 0 2mm green }
	</style>
</head>
<body>
	<h1>404</h1>
	<p>this page no exist</p>
	<h2></h2>
</body>
</html>

=================================================================


=================================================================


=================================================================
HTTP/1.1 404 Not Found
Content-Language: en,ru
Content-Type: text/html; charset=UTF-8
Date: Tue 29 Jun 2021 19:25:19 GMT
Retry-After: 1
Server: webserv/1.0
Title: webserv (project for 21 school)
Content-Length: 283

<html>
<head>
	<title>WebServ 1.0</title>
	<style>
	body { background-color: #fffff3; } 
	h1 { font-size:2cm; text-align: center; margin-top: 70px; color: black; text-shadow: 0 0 2mm green }
	</style>
</head>
<body>
	<h1>404</h1>
	<p>this page no exist</p>
	<h2></h2>
</body>
</html>

=================================================================


=================================================================


=================================================================
HTTP/1.1 404 Not Found
Content-Language: en,ru
Content-Type: text/html; charset=UTF-8
Date: Tue 29 Jun 2021 19:25:23 GMT
Retry-After: 1
Server: webserv/1.0
Title: webserv (project for 21 school)
Content-Length: 283

<html>
<head>
	<title>WebServ 1.0</title>
	<style>
	body { background-color: #fffff3; } 
	h1 { font-size:2cm; text-align: center; margin-top: 70px; color: black; text-shadow: 0 0 2mm green }
	</style>
</head>
<body>
	<h1>404</h1>
	<p>this page no exist</p>
	<h2></h2>
</body>
</html>

=================================================================


=================================================================
HTTP/1.1 404 Not Found
Content-Language: en,ru
Content-Type: text/html; charset=UTF-8
Date: Tue 29 Jun 2021 19:25:44 GMT
Retry-After: 1
Server: webserv/1.0
Title: webserv (project for 21 school)
Content-Length: 283

<html>
<head>
	<title>WebServ 1.0</title>
	<style>
	body { background-color: #fffff3; } 
	h1 { font-size:2cm; text-align: center; margin-top: 70px; color: black; text-shadow: 0 0 2mm green }
	</style>
</head>
<body>
	<h1>404</h1>
	<p>this page no exist</p>
	<h2></h2>
</body>
</html>

=================================================================


=================================================================
HTTP/1.1 404 Not Found
Content-Language: en,ru
Content-Type: text/html; charset=UTF-8
Date: Tue 29 Jun 2021 19:25:47 GMT
Retry-After: 1
Server: webserv/1.0
Title: webserv (project for 21 school)
Content-Length: 283

<html>
<head>
	<title>WebServ 1.0</title>
	<style>
	body { background-color: #fffff3; } 
	h1 { font-size:2cm; text-align: center; margin-top: 70px; color: black; text-shadow: 0 0 2mm green }
	</style>
</head>
<body>
	<h1>404</h1>
	<p>this page no exist</p>
	<h2></h2>
</body>
</html>

=================================================================


=================================================================
HTTP/1.1 404 Not Found
Content-Language: en,ru
Content-Type: text/html; charset=UTF-8
Date: Tue 29 Jun 2021 19:25:57 GMT
Retry-After: 1
Server: webserv/1.0
Title: webserv (project for 21 school)
Content-Length: 283

<html>
<head>
	<title>WebServ 1.0</title>
	<style>
	body { background-color: #fffff3; } 
	h1 { font-size:2cm; text-align: center; margin-top: 70px; color: black; text-shadow: 0 0 2mm green }
	</style>
</head>
<body>
	<h1>404</h1>
	<p>this page no exist</p>
	<h2></h2>
</body>
</html>

=================================================================


=================================================================
HTTP/1.1 200 OK
Content-Language: en,ru
Content-Type: text/html; charset=UTF-8
Date: Tue 29 Jun 2021 19:26:15 GMT
Retry-After: 1
Server: webserv/1.0
Title: webserv (project for 21 school)
Content-Length: 640

<html>
<body>
<h1>Directory listing:</h1>
<a href="/Users/arannara/webserv/www/site.com/.">.</a><br><a href="/Users/arannara/webserv/www/site.com/..">..</a><br><a href="/Users/arannara/webserv/www/site.com/about.html">about.html</a><br><a href="/Users/arannara/webserv/www/site.com/contact.html">contact.html</a><br><a href="/Users/arannara/webserv/www/site.com/favicon.ico">favicon.ico</a><br><a href="/Users/arannara/webserv/www/site.com/gallery.html">gallery.html</a><br><a href="/Users/arannara/webserv/www/site.com/index.html">index.html</a><br><a href="/Users/arannara/webserv/www/site.com/style.css">style.css</a><br></body>
</html>


=================================================================


=================================================================
HTTP/1.1 200 OK
Content-Language: en,ru
Content-Type: text/html; charset=UTF-8
Date: Tue 29 Jun 2021 19:26:21 GMT
Retry-After: 1
Server: webserv/1.0
Title: webserv (project for 21 school)
Content-Length: 640

<html>
<body>
<h1>Directory listing:</h1>
<a href="/Users/arannara/webserv/www/site.com/.">.</a><br><a href="/Users/arannara/webserv/www/site.com/..">..</a><br><a href="/Users/arannara/webserv/www/site.com/about.html">about.html</a><br><a href="/Users/arannara/webserv/www/site.com/contact.html">contact.html</a><br><a href="/Users/arannara/webserv/www/site.com/favicon.ico">favicon.ico</a><br><a href="/Users/arannara/webserv/www/site.com/gallery.html">gallery.html</a><br><a href="/Users/arannara/webserv/www/site.com/index.html">index.html</a><br><a href="/Users/arannara/webserv/www/site.com/style.css">style.css</a><br></body>
</html>


=================================================================


=================================================================
HTTP/1.1 404 Not Found
Content-Language: en,ru
Content-Type: text/html; charset=UTF-8
Date: Tue 29 Jun 2021 19:26:25 GMT
Retry-After: 1
Server: webserv/1.0
Title: webserv (project for 21 school)
Content-Length: 283

<html>
<head>
	<title>WebServ 1.0</title>
	<style>
	body { background-color: #fffff3; } 
	h1 { font-size:2cm; text-align: center; margin-top: 70px; color: black; text-shadow: 0 0 2mm green }
	</style>
</head>
<body>
	<h1>404</h1>
	<p>this page no exist</p>
	<h2></h2>
</body>
</html>

=================================================================


=================================================================
HTTP/1.1 200 OK
Content-Language: en,ru
Content-Type: text/html; charset=UTF-8
Date: Tue 29 Jun 2021 19:26:30 GMT
Retry-After: 1
Server: webserv/1.0
Title: webserv (project for 21 school)
Content-Length: 1044

<html>
<head>
	<title>WebServ1.0/about</title>
	<style>
		* {
			margin: 0;
			padding: 0;
			font-family: Verdana, Geneva, Tahoma, sans-serif;
		}
		body { 
			background-color: #fffff3; 
		} 
		h1 { 
			font-size:2cm; text-align: center; margin-top: 70px; color: black; text-shadow: 0 0 2mm green 
		}
		h2 {
			margin-left: 22px;
		}
		.menu {
			background-color: coral;
			display: flex;
			width: 100%;

		}
		.menu li {
			border: 1px solid black;
			list-style-type: none;
			border-radius: 10%;
			margin-left: 22px;
		}
		.menu li a 
		{
			border-radius: 10%;
			display: block;
			width: 100%;
			font-size: 23px;
			text-decoration: none;
			color: #000;
		}
		.menu li a:hover 
		{
			background-color: #fffff3;
		}
		.loaded {
			background-color: #fffff3;
		}
	</style>
</head>
<body>
	<h1>WebServ 1.0</h1>
	<h2>ABOUT</h2>
	<ul class="menu">
		<li><a href="/">HOME</a></li>
		<li class="loaded"><a href="#">ABOUT</a></li>
		<li><a href="/gallery">GALLERY</a></li>
		<li><a href="/contact">CONTACT</a></li>
	</ul>
</body>
</html>

=================================================================


=================================================================
HTTP/1.1 200 OK
Content-Language: en,ru
Content-Type: text/html; charset=UTF-8
Date: Tue 29 Jun 2021 19:29:35 GMT
Retry-After: 1
Server: webserv/1.0
Title: webserv (project for 21 school)
Content-Length: 640

<html>
<body>
<h1>Directory listing:</h1>
<a href="/Users/arannara/webserv/www/site.com/.">.</a><br><a href="/Users/arannara/webserv/www/site.com/..">..</a><br><a href="/Users/arannara/webserv/www/site.com/about.html">about.html</a><br><a href="/Users/arannara/webserv/www/site.com/contact.html">contact.html</a><br><a href="/Users/arannara/webserv/www/site.com/favicon.ico">favicon.ico</a><br><a href="/Users/arannara/webserv/www/site.com/gallery.html">gallery.html</a><br><a href="/Users/arannara/webserv/www/site.com/index.html">index.html</a><br><a href="/Users/arannara/webserv/www/site.com/style.css">style.css</a><br></body>
</html>


=================================================================


=================================================================
HTTP/1.1 404 Not Found
Content-Language: en,ru
Content-Type: text/html; charset=UTF-8
Date: Tue 29 Jun 2021 19:30:27 GMT
Retry-After: 1
Server: webserv/1.0
Title: webserv (project for 21 school)
Content-Length: 283

<html>
<head>
	<title>WebServ 1.0</title>
	<style>
	body { background-color: #fffff3; } 
	h1 { font-size:2cm; text-align: center; margin-top: 70px; color: black; text-shadow: 0 0 2mm green }
	</style>
</head>
<body>
	<h1>404</h1>
	<p>this page no exist</p>
	<h2></h2>
</body>
</html>

=================================================================


=================================================================


=================================================================
HTTP/1.1 404 Not Found
Content-Language: en,ru
Content-Type: text/html; charset=UTF-8
Date: Tue 29 Jun 2021 19:30:33 GMT
Retry-After: 1
Server: webserv/1.0
Title: webserv (project for 21 school)
Content-Length: 283

<html>
<head>
	<title>WebServ 1.0</title>
	<style>
	body { background-color: #fffff3; } 
	h1 { font-size:2cm; text-align: center; margin-top: 70px; color: black; text-shadow: 0 0 2mm green }
	</style>
</head>
<body>
	<h1>404</h1>
	<p>this page no exist</p>
	<h2></h2>
</body>
</html>

=================================================================


=================================================================


=================================================================
HTTP/1.1 404 Not Found
Content-Language: en,ru
Content-Type: text/html; charset=UTF-8
Date: Tue 29 Jun 2021 19:30:35 GMT
Retry-After: 1
Server: webserv/1.0
Title: webserv (project for 21 school)
Content-Length: 283

<html>
<head>
	<title>WebServ 1.0</title>
	<style>
	body { background-color: #fffff3; } 
	h1 { font-size:2cm; text-align: center; margin-top: 70px; color: black; text-shadow: 0 0 2mm green }
	</style>
</head>
<body>
	<h1>404</h1>
	<p>this page no exist</p>
	<h2></h2>
</body>
</html>

=================================================================


=================================================================


=================================================================
HTTP/1.1 404 Not Found
Content-Language: en,ru
Content-Type: text/html; charset=UTF-8
Date: Tue 29 Jun 2021 19:30:59 GMT
Retry-After: 1
Server: webserv/1.0
Title: webserv (project for 21 school)
Content-Length: 283

<html>
<head>
	<title>WebServ 1.0</title>
	<style>
	body { background-color: #fffff3; } 
	h1 { font-size:2cm; text-align: center; margin-top: 70px; color: black; text-shadow: 0 0 2mm green }
	</style>
</head>
<body>
	<h1>404</h1>
	<p>this page no exist</p>
	<h2></h2>
</body>
</html>

=================================================================


=================================================================


=================================================================
HTTP/1.1 200 OK
Content-Language: en,ru
Content-Type: text/html; charset=UTF-8
Date: Tue 29 Jun 2021 20:19:32 GMT
Retry-After: 1
Server: webserv/1.0
Title: webserv (project for 21 school)
Content-Length: 640

<html>
<body>
<h1>Directory listing:</h1>
<a href="/Users/arannara/webserv/www/site.com/.">.</a><br><a href="/Users/arannara/webserv/www/site.com/..">..</a><br><a href="/Users/arannara/webserv/www/site.com/about.html">about.html</a><br><a href="/Users/arannara/webserv/www/site.com/contact.html">contact.html</a><br><a href="/Users/arannara/webserv/www/site.com/favicon.ico">favicon.ico</a><br><a href="/Users/arannara/webserv/www/site.com/gallery.html">gallery.html</a><br><a href="/Users/arannara/webserv/www/site.com/index.html">index.html</a><br><a href="/Users/arannara/webserv/www/site.com/style.css">style.css</a><br></body>
</html>


=================================================================
HTTP/1.1 200 OK
Content-Language: en,ru
Content-Type: text/html; charset=UTF-8
Date: Tue 29 Jun 2021 20:19:55 GMT
Retry-After: 1
Server: webserv/1.0
Title: webserv (project for 21 school)
Content-Length: 640

<html>
<body>
<h1>Directory listing:</h1>
<a href="/Users/arannara/webserv/www/site.com/.">.</a><br><a href="/Users/arannara/webserv/www/site.com/..">..</a><br><a href="/Users/arannara/webserv/www/site.com/about.html">about.html</a><br><a href="/Users/arannara/webserv/www/site.com/contact.html">contact.html</a><br><a href="/Users/arannara/webserv/www/site.com/favicon.ico">favicon.ico</a><br><a href="/Users/arannara/webserv/www/site.com/gallery.html">gallery.html</a><br><a href="/Users/arannara/webserv/www/site.com/index.html">index.html</a><br><a href="/Users/arannara/webserv/www/site.com/style.css">style.css</a><br></body>
</html>


=================================================================
HTTP/1.1 200 OK
Content-Language: en,ru
Content-Type: text/html; charset=UTF-8
Date: Tue 29 Jun 2021 20:28:26 GMT
Retry-After: 1
Server: webserv/1.0
Title: webserv (project for 21 school)
Content-Length: 640

<html>
<body>
<h1>Directory listing:</h1>
<a href="/Users/arannara/webserv/www/site.com/.">.</a><br><a href="/Users/arannara/webserv/www/site.com/..">..</a><br><a href="/Users/arannara/webserv/www/site.com/about.html">about.html</a><br><a href="/Users/arannara/webserv/www/site.com/contact.html">contact.html</a><br><a href="/Users/arannara/webserv/www/site.com/favicon.ico">favicon.ico</a><br><a href="/Users/arannara/webserv/www/site.com/gallery.html">gallery.html</a><br><a href="/Users/arannara/webserv/www/site.com/index.html">index.html</a><br><a href="/Users/arannara/webserv/www/site.com/style.css">style.css</a><br></body>
</html>


=================================================================


=================================================================
HTTP/1.1 200 OK
Content-Language: en,ru
Content-Type: text/html; charset=UTF-8
Date: Tue 29 Jun 2021 20:29:14 GMT
Retry-After: 1
Server: webserv/1.0
Title: webserv (project for 21 school)
Content-Length: 640

<html>
<body>
<h1>Directory listing:</h1>
<a href="/Users/arannara/webserv/www/site.com/.">.</a><br><a href="/Users/arannara/webserv/www/site.com/..">..</a><br><a href="/Users/arannara/webserv/www/site.com/about.html">about.html</a><br><a href="/Users/arannara/webserv/www/site.com/contact.html">contact.html</a><br><a href="/Users/arannara/webserv/www/site.com/favicon.ico">favicon.ico</a><br><a href="/Users/arannara/webserv/www/site.com/gallery.html">gallery.html</a><br><a href="/Users/arannara/webserv/www/site.com/index.html">index.html</a><br><a href="/Users/arannara/webserv/www/site.com/style.css">style.css</a><br></body>
</html>


=================================================================
HTTP/1.1 404 Not Found
Content-Language: en,ru
Content-Type: text/html; charset=UTF-8
Date: Tue 29 Jun 2021 20:29:28 GMT
Retry-After: 1
Server: webserv/1.0
Title: webserv (project for 21 school)
Content-Length: 283

<html>
<head>
	<title>WebServ 1.0</title>
	<style>
	body { background-color: #fffff3; } 
	h1 { font-size:2cm; text-align: center; margin-top: 70px; color: black; text-shadow: 0 0 2mm green }
	</style>
</head>
<body>
	<h1>404</h1>
	<p>this page no exist</p>
	<h2></h2>
</body>
</html>

=================================================================
HTTP/1.1 404 Not Found
Content-Language: en,ru
Content-Type: text/html; charset=UTF-8
Date: Tue 29 Jun 2021 20:29:35 GMT
Retry-After: 1
Server: webserv/1.0
Title: webserv (project for 21 school)
Content-Length: 283

<html>
<head>
	<title>WebServ 1.0</title>
	<style>
	body { background-color: #fffff3; } 
	h1 { font-size:2cm; text-align: center; margin-top: 70px; color: black; text-shadow: 0 0 2mm green }
	</style>
</head>
<body>
	<h1>404</h1>
	<p>this page no exist</p>
	<h2></h2>
</body>
</html>

=================================================================
HTTP/1.1 404 Not Found
Content-Language: en,ru
Content-Type: text/html; charset=UTF-8
Date: Tue 29 Jun 2021 20:29:38 GMT
Retry-After: 1
Server: webserv/1.0
Title: webserv (project for 21 school)
Content-Length: 283

<html>
<head>
	<title>WebServ 1.0</title>
	<style>
	body { background-color: #fffff3; } 
	h1 { font-size:2cm; text-align: center; margin-top: 70px; color: black; text-shadow: 0 0 2mm green }
	</style>
</head>
<body>
	<h1>404</h1>
	<p>this page no exist</p>
	<h2></h2>
</body>
</html>

=================================================================
HTTP/1.1 200 OK
Content-Language: en,ru
Content-Type: text/html; charset=UTF-8
Date: Tue 29 Jun 2021 20:29:43 GMT
Retry-After: 1
Server: webserv/1.0
Title: webserv (project for 21 school)
Content-Length: 640

<html>
<body>
<h1>Directory listing:</h1>
<a href="/Users/arannara/webserv/www/site.com/.">.</a><br><a href="/Users/arannara/webserv/www/site.com/..">..</a><br><a href="/Users/arannara/webserv/www/site.com/about.html">about.html</a><br><a href="/Users/arannara/webserv/www/site.com/contact.html">contact.html</a><br><a href="/Users/arannara/webserv/www/site.com/favicon.ico">favicon.ico</a><br><a href="/Users/arannara/webserv/www/site.com/gallery.html">gallery.html</a><br><a href="/Users/arannara/webserv/www/site.com/index.html">index.html</a><br><a href="/Users/arannara/webserv/www/site.com/style.css">style.css</a><br></body>
</html>


=================================================================
HTTP/1.1 200 OK
Content-Language: en,ru
Content-Type: text/html; charset=UTF-8
Date: Tue 29 Jun 2021 20:30:04 GMT
Retry-After: 1
Server: webserv/1.0
Title: webserv (project for 21 school)
Content-Length: 1044

<html>
<head>
	<title>WebServ1.0/about</title>
	<style>
		* {
			margin: 0;
			padding: 0;
			font-family: Verdana, Geneva, Tahoma, sans-serif;
		}
		body { 
			background-color: #fffff3; 
		} 
		h1 { 
			font-size:2cm; text-align: center; margin-top: 70px; color: black; text-shadow: 0 0 2mm green 
		}
		h2 {
			margin-left: 22px;
		}
		.menu {
			background-color: coral;
			display: flex;
			width: 100%;

		}
		.menu li {
			border: 1px solid black;
			list-style-type: none;
			border-radius: 10%;
			margin-left: 22px;
		}
		.menu li a 
		{
			border-radius: 10%;
			display: block;
			width: 100%;
			font-size: 23px;
			text-decoration: none;
			color: #000;
		}
		.menu li a:hover 
		{
			background-color: #fffff3;
		}
		.loaded {
			background-color: #fffff3;
		}
	</style>
</head>
<body>
	<h1>WebServ 1.0</h1>
	<h2>ABOUT</h2>
	<ul class="menu">
		<li><a href="/">HOME</a></li>
		<li class="loaded"><a href="#">ABOUT</a></li>
		<li><a href="/gallery">GALLERY</a></li>
		<li><a href="/contact">CONTACT</a></li>
	</ul>
</body>
</html>

=================================================================
HTTP/1.1 200 OK
Content-Language: en,ru
Content-Type: text/html; charset=UTF-8
Date: Tue 29 Jun 2021 20:35:16 GMT
Retry-After: 1
Server: webserv/1.0
Title: webserv (project for 21 school)
Content-Length: 640

<html>
<body>
<h1>Directory listing:</h1>
<a href="/Users/arannara/webserv/www/site.com/.">.</a><br><a href="/Users/arannara/webserv/www/site.com/..">..</a><br><a href="/Users/arannara/webserv/www/site.com/about.html">about.html</a><br><a href="/Users/arannara/webserv/www/site.com/contact.html">contact.html</a><br><a href="/Users/arannara/webserv/www/site.com/favicon.ico">favicon.ico</a><br><a href="/Users/arannara/webserv/www/site.com/gallery.html">gallery.html</a><br><a href="/Users/arannara/webserv/www/site.com/index.html">index.html</a><br><a href="/Users/arannara/webserv/www/site.com/style.css">style.css</a><br></body>
</html>


=================================================================
HTTP/1.1 200 OK
Content-Language: en,ru
Content-Type: text/html; charset=UTF-8
Date: Tue 29 Jun 2021 20:37:16 GMT
Retry-After: 1
Server: webserv/1.0
Title: webserv (project for 21 school)
Content-Length: 640

<html>
<body>
<h1>Directory listing:</h1>
<a href="/Users/arannara/webserv/www/site.com/.">.</a><br><a href="/Users/arannara/webserv/www/site.com/..">..</a><br><a href="/Users/arannara/webserv/www/site.com/about.html">about.html</a><br><a href="/Users/arannara/webserv/www/site.com/contact.html">contact.html</a><br><a href="/Users/arannara/webserv/www/site.com/favicon.ico">favicon.ico</a><br><a href="/Users/arannara/webserv/www/site.com/gallery.html">gallery.html</a><br><a href="/Users/arannara/webserv/www/site.com/index.html">index.html</a><br><a href="/Users/arannara/webserv/www/site.com/style.css">style.css</a><br></body>
</html>


=================================================================


=================================================================


=================================================================
HTTP/1.1 404 Not Found
Content-Type: text/html; charset=UTF-8
Date: Tue 29 Jun 2021 20:37:56 GMT
Server: webserv/1.0
Content-Length: 283

<html>
<head>
	<title>WebServ 1.0</title>
	<style>
	body { background-color: #fffff3; } 
	h1 { font-size:2cm; text-align: center; margin-top: 70px; color: black; text-shadow: 0 0 2mm green }
	</style>
</head>
<body>
	<h1>404</h1>
	<p>this page no exist</p>
	<h2></h2>
</body>
</html>

=================================================================
HTTP/1.1 404 Not Found
Content-Type: text/html; charset=UTF-8
Date: Tue 29 Jun 2021 20:38:19 GMT
Server: webserv/1.0
Content-Length: 283

<html>
<head>
	<title>WebServ 1.0</title>
	<style>
	body { background-color: #fffff3; } 
	h1 { font-size:2cm; text-align: center; margin-top: 70px; color: black; text-shadow: 0 0 2mm green }
	</style>
</head>
<body>
	<h1>404</h1>
	<p>this page no exist</p>
	<h2></h2>
</body>
</html>

=================================================================
HTTP/1.1 200 OK
Content-Language: en,ru
Content-Type: text/html; charset=UTF-8
Date: Tue 29 Jun 2021 20:38:26 GMT
Retry-After: 1
Server: webserv/1.0
Title: webserv (project for 21 school)
Content-Length: 640

<html>
<body>
<h1>Directory listing:</h1>
<a href="/Users/arannara/webserv/www/site.com/.">.</a><br><a href="/Users/arannara/webserv/www/site.com/..">..</a><br><a href="/Users/arannara/webserv/www/site.com/about.html">about.html</a><br><a href="/Users/arannara/webserv/www/site.com/contact.html">contact.html</a><br><a href="/Users/arannara/webserv/www/site.com/favicon.ico">favicon.ico</a><br><a href="/Users/arannara/webserv/www/site.com/gallery.html">gallery.html</a><br><a href="/Users/arannara/webserv/www/site.com/index.html">index.html</a><br><a href="/Users/arannara/webserv/www/site.com/style.css">style.css</a><br></body>
</html>


=================================================================
HTTP/1.1 200 OK
Content-Language: en,ru
Content-Type: text/html; charset=UTF-8
Date: Tue 29 Jun 2021 20:39:29 GMT
Retry-After: 1
Server: webserv/1.0
Title: webserv (project for 21 school)
Content-Length: 1044

<html>
<head>
	<title>WebServ1.0/about</title>
	<style>
		* {
			margin: 0;
			padding: 0;
			font-family: Verdana, Geneva, Tahoma, sans-serif;
		}
		body { 
			background-color: #fffff3; 
		} 
		h1 { 
			font-size:2cm; text-align: center; margin-top: 70px; color: black; text-shadow: 0 0 2mm green 
		}
		h2 {
			margin-left: 22px;
		}
		.menu {
			background-color: coral;
			display: flex;
			width: 100%;

		}
		.menu li {
			border: 1px solid black;
			list-style-type: none;
			border-radius: 10%;
			margin-left: 22px;
		}
		.menu li a 
		{
			border-radius: 10%;
			display: block;
			width: 100%;
			font-size: 23px;
			text-decoration: none;
			color: #000;
		}
		.menu li a:hover 
		{
			background-color: #fffff3;
		}
		.loaded {
			background-color: #fffff3;
		}
	</style>
</head>
<body>
	<h1>WebServ 1.0</h1>
	<h2>ABOUT</h2>
	<ul class="menu">
		<li><a href="/">HOME</a></li>
		<li class="loaded"><a href="#">ABOUT</a></li>
		<li><a href="/gallery">GALLERY</a></li>
		<li><a href="/contact">CONTACT</a></li>
	</ul>
</body>
</html>

=================================================================
HTTP/1.1 404 Not Found
Content-Language: en,ru
Content-Type: text/html; charset=UTF-8
Date: Tue 29 Jun 2021 20:39:36 GMT
Retry-After: 1
Server: webserv/1.0
Title: webserv (project for 21 school)
Content-Length: 283

<html>
<head>
	<title>WebServ 1.0</title>
	<style>
	body { background-color: #fffff3; } 
	h1 { font-size:2cm; text-align: center; margin-top: 70px; color: black; text-shadow: 0 0 2mm green }
	</style>
</head>
<body>
	<h1>404</h1>
	<p>this page no exist</p>
	<h2></h2>
</body>
</html>

=================================================================
HTTP/1.1 200 OK
Content-Language: en,ru
Content-Type: text/html; charset=UTF-8
Date: Tue 29 Jun 2021 20:39:44 GMT
Retry-After: 1
Server: webserv/1.0
Title: webserv (project for 21 school)
Content-Length: 640

<html>
<body>
<h1>Directory listing:</h1>
<a href="/Users/arannara/webserv/www/site.com/.">.</a><br><a href="/Users/arannara/webserv/www/site.com/..">..</a><br><a href="/Users/arannara/webserv/www/site.com/about.html">about.html</a><br><a href="/Users/arannara/webserv/www/site.com/contact.html">contact.html</a><br><a href="/Users/arannara/webserv/www/site.com/favicon.ico">favicon.ico</a><br><a href="/Users/arannara/webserv/www/site.com/gallery.html">gallery.html</a><br><a href="/Users/arannara/webserv/www/site.com/index.html">index.html</a><br><a href="/Users/arannara/webserv/www/site.com/style.css">style.css</a><br></body>
</html>


=================================================================
HTTP/1.1 200 OK
Content-Language: en,ru
Content-Type: text/html; charset=UTF-8
Date: Tue 29 Jun 2021 20:39:49 GMT
Retry-After: 1
Server: webserv/1.0
Title: webserv (project for 21 school)
Content-Length: 640

<html>
<body>
<h1>Directory listing:</h1>
<a href="/Users/arannara/webserv/www/site.com/.">.</a><br><a href="/Users/arannara/webserv/www/site.com/..">..</a><br><a href="/Users/arannara/webserv/www/site.com/about.html">about.html</a><br><a href="/Users/arannara/webserv/www/site.com/contact.html">contact.html</a><br><a href="/Users/arannara/webserv/www/site.com/favicon.ico">favicon.ico</a><br><a href="/Users/arannara/webserv/www/site.com/gallery.html">gallery.html</a><br><a href="/Users/arannara/webserv/www/site.com/index.html">index.html</a><br><a href="/Users/arannara/webserv/www/site.com/style.css">style.css</a><br></body>
</html>


=================================================================
HTTP/1.1 200 OK
Content-Language: en,ru
Content-Type: text/html; charset=UTF-8
Date: Tue 29 Jun 2021 20:39:57 GMT
Retry-After: 1
Server: webserv/1.0
Title: webserv (project for 21 school)
Content-Length: 640

<html>
<body>
<h1>Directory listing:</h1>
<a href="/Users/arannara/webserv/www/site.com/.">.</a><br><a href="/Users/arannara/webserv/www/site.com/..">..</a><br><a href="/Users/arannara/webserv/www/site.com/about.html">about.html</a><br><a href="/Users/arannara/webserv/www/site.com/contact.html">contact.html</a><br><a href="/Users/arannara/webserv/www/site.com/favicon.ico">favicon.ico</a><br><a href="/Users/arannara/webserv/www/site.com/gallery.html">gallery.html</a><br><a href="/Users/arannara/webserv/www/site.com/index.html">index.html</a><br><a href="/Users/arannara/webserv/www/site.com/style.css">style.css</a><br></body>
</html>


=================================================================


=================================================================
HTTP/1.1 404 Not Found
Content-Type: text/html; charset=UTF-8
Date: Tue 29 Jun 2021 20:46:00 GMT
Server: webserv/1.0
Content-Length: 283

<html>
<head>
	<title>WebServ 1.0</title>
	<style>
	body { background-color: #fffff3; } 
	h1 { font-size:2cm; text-align: center; margin-top: 70px; color: black; text-shadow: 0 0 2mm green }
	</style>
</head>
<body>
	<h1>404</h1>
	<p>this page no exist</p>
	<h2></h2>
</body>
</html>

=================================================================
HTTP/1.1 200 OK
Content-Language: en,ru
Content-Type: text/html; charset=UTF-8
Date: Tue 29 Jun 2021 20:46:22 GMT
Retry-After: 1
Server: webserv/1.0
Title: webserv (project for 21 school)
Content-Length: 640

<html>
<body>
<h1>Directory listing:</h1>
<a href="/Users/arannara/webserv/www/site.com/.">.</a><br><a href="/Users/arannara/webserv/www/site.com/..">..</a><br><a href="/Users/arannara/webserv/www/site.com/about.html">about.html</a><br><a href="/Users/arannara/webserv/www/site.com/contact.html">contact.html</a><br><a href="/Users/arannara/webserv/www/site.com/favicon.ico">favicon.ico</a><br><a href="/Users/arannara/webserv/www/site.com/gallery.html">gallery.html</a><br><a href="/Users/arannara/webserv/www/site.com/index.html">index.html</a><br><a href="/Users/arannara/webserv/www/site.com/style.css">style.css</a><br></body>
</html>


=================================================================
HTTP/1.1 404 Not Found
Content-Type: text/html; charset=UTF-8
Date: Tue 29 Jun 2021 20:46:22 GMT
Server: webserv/1.0
Content-Length: 283

<html>
<head>
	<title>WebServ 1.0</title>
	<style>
	body { background-color: #fffff3; } 
	h1 { font-size:2cm; text-align: center; margin-top: 70px; color: black; text-shadow: 0 0 2mm green }
	</style>
</head>
<body>
	<h1>404</h1>
	<p>this page no exist</p>
	<h2></h2>
</body>
</html>

=================================================================
HTTP/1.1 404 Not Found
Content-Type: text/html; charset=UTF-8
Date: Tue 29 Jun 2021 20:46:43 GMT
Server: webserv/1.0
Content-Length: 283

<html>
<head>
	<title>WebServ 1.0</title>
	<style>
	body { background-color: #fffff3; } 
	h1 { font-size:2cm; text-align: center; margin-top: 70px; color: black; text-shadow: 0 0 2mm green }
	</style>
</head>
<body>
	<h1>404</h1>
	<p>this page no exist</p>
	<h2></h2>
</body>
</html>

=================================================================
HTTP/1.1 200 OK
Content-Language: en,ru
Content-Type: text/html; charset=UTF-8
Date: Tue 29 Jun 2021 20:47:29 GMT
Retry-After: 1
Server: webserv/1.0
Title: webserv (project for 21 school)
Content-Length: 640

<html>
<body>
<h1>Directory listing:</h1>
<a href="/Users/arannara/webserv/www/site.com/.">.</a><br><a href="/Users/arannara/webserv/www/site.com/..">..</a><br><a href="/Users/arannara/webserv/www/site.com/about.html">about.html</a><br><a href="/Users/arannara/webserv/www/site.com/contact.html">contact.html</a><br><a href="/Users/arannara/webserv/www/site.com/favicon.ico">favicon.ico</a><br><a href="/Users/arannara/webserv/www/site.com/gallery.html">gallery.html</a><br><a href="/Users/arannara/webserv/www/site.com/index.html">index.html</a><br><a href="/Users/arannara/webserv/www/site.com/style.css">style.css</a><br></body>
</html>


=================================================================
HTTP/1.1 404 Not Found
Content-Type: text/html; charset=UTF-8
Date: Tue 29 Jun 2021 20:47:29 GMT
Server: webserv/1.0
Content-Length: 283

<html>
<head>
	<title>WebServ 1.0</title>
	<style>
	body { background-color: #fffff3; } 
	h1 { font-size:2cm; text-align: center; margin-top: 70px; color: black; text-shadow: 0 0 2mm green }
	</style>
</head>
<body>
	<h1>404</h1>
	<p>this page no exist</p>
	<h2></h2>
</body>
</html>

=================================================================
HTTP/1.1 200 OK
Content-Language: en,ru
Content-Type: text/html; charset=UTF-8
Date: Tue 29 Jun 2021 20:47:33 GMT
Retry-After: 1
Server: webserv/1.0
Title: webserv (project for 21 school)
Content-Length: 640

<html>
<body>
<h1>Directory listing:</h1>
<a href="/Users/arannara/webserv/www/site.com/.">.</a><br><a href="/Users/arannara/webserv/www/site.com/..">..</a><br><a href="/Users/arannara/webserv/www/site.com/about.html">about.html</a><br><a href="/Users/arannara/webserv/www/site.com/contact.html">contact.html</a><br><a href="/Users/arannara/webserv/www/site.com/favicon.ico">favicon.ico</a><br><a href="/Users/arannara/webserv/www/site.com/gallery.html">gallery.html</a><br><a href="/Users/arannara/webserv/www/site.com/index.html">index.html</a><br><a href="/Users/arannara/webserv/www/site.com/style.css">style.css</a><br></body>
</html>


=================================================================
HTTP/1.1 404 Not Found
Content-Type: text/html; charset=UTF-8
Date: Tue 29 Jun 2021 20:47:33 GMT
Server: webserv/1.0
Content-Length: 283

<html>
<head>
	<title>WebServ 1.0</title>
	<style>
	body { background-color: #fffff3; } 
	h1 { font-size:2cm; text-align: center; margin-top: 70px; color: black; text-shadow: 0 0 2mm green }
	</style>
</head>
<body>
	<h1>404</h1>
	<p>this page no exist</p>
	<h2></h2>
</body>
</html>

=================================================================


=================================================================
HTTP/1.1 404 Not Found
Content-Language: en,ru
Content-Type: text/html; charset=UTF-8
Date: Tue 29 Jun 2021 21:22:20 GMT
Retry-After: 1
Server: webserv/1.0
Title: webserv (project for 21 school)
Content-Length: 283

<html>
<head>
	<title>WebServ 1.0</title>
	<style>
	body { background-color: #fffff3; } 
	h1 { font-size:2cm; text-align: center; margin-top: 70px; color: black; text-shadow: 0 0 2mm green }
	</style>
</head>
<body>
	<h1>404</h1>
	<p>this page no exist</p>
	<h2></h2>
</body>
</html>

=================================================================
HTTP/1.1 404 Not Found
Content-Type: text/html; charset=UTF-8
Date: Tue 29 Jun 2021 21:22:52 GMT
Server: webserv/1.0
Content-Length: 283

<html>
<head>
	<title>WebServ 1.0</title>
	<style>
	body { background-color: #fffff3; } 
	h1 { font-size:2cm; text-align: center; margin-top: 70px; color: black; text-shadow: 0 0 2mm green }
	</style>
</head>
<body>
	<h1>404</h1>
	<p>this page no exist</p>
	<h2></h2>
</body>
</html>

=================================================================
HTTP/1.1 404 Not Found
Content-Type: text/html; charset=UTF-8
Date: Tue 29 Jun 2021 21:22:58 GMT
Server: webserv/1.0
Content-Length: 283

<html>
<head>
	<title>WebServ 1.0</title>
	<style>
	body { background-color: #fffff3; } 
	h1 { font-size:2cm; text-align: center; margin-top: 70px; color: black; text-shadow: 0 0 2mm green }
	</style>
</head>
<body>
	<h1>404</h1>
	<p>this page no exist</p>
	<h2></h2>
</body>
</html>

=================================================================
HTTP/1.1 404 Not Found
Content-Type: text/html; charset=UTF-8
Date: Tue 29 Jun 2021 21:22:59 GMT
Server: webserv/1.0
Content-Length: 283

<html>
<head>
	<title>WebServ 1.0</title>
	<style>
	body { background-color: #fffff3; } 
	h1 { font-size:2cm; text-align: center; margin-top: 70px; color: black; text-shadow: 0 0 2mm green }
	</style>
</head>
<body>
	<h1>404</h1>
	<p>this page no exist</p>
	<h2></h2>
</body>
</html>

=================================================================
HTTP/1.1 404 Not Found
Content-Type: text/html; charset=UTF-8
Date: Tue 29 Jun 2021 21:23:03 GMT
Server: webserv/1.0
Content-Length: 283

<html>
<head>
	<title>WebServ 1.0</title>
	<style>
	body { background-color: #fffff3; } 
	h1 { font-size:2cm; text-align: center; margin-top: 70px; color: black; text-shadow: 0 0 2mm green }
	</style>
</head>
<body>
	<h1>404</h1>
	<p>this page no exist</p>
	<h2></h2>
</body>
</html>

=================================================================
HTTP/1.1 404 Not Found
Content-Type: text/html; charset=UTF-8
Date: Tue 29 Jun 2021 21:23:14 GMT
Server: webserv/1.0
Content-Length: 283

<html>
<head>
	<title>WebServ 1.0</title>
	<style>
	body { background-color: #fffff3; } 
	h1 { font-size:2cm; text-align: center; margin-top: 70px; color: black; text-shadow: 0 0 2mm green }
	</style>
</head>
<body>
	<h1>404</h1>
	<p>this page no exist</p>
	<h2></h2>
</body>
</html>

=================================================================
HTTP/1.1 404 Not Found
Content-Type: text/html; charset=UTF-8
Date: Tue 29 Jun 2021 21:23:15 GMT
Server: webserv/1.0
Content-Length: 283

<html>
<head>
	<title>WebServ 1.0</title>
	<style>
	body { background-color: #fffff3; } 
	h1 { font-size:2cm; text-align: center; margin-top: 70px; color: black; text-shadow: 0 0 2mm green }
	</style>
</head>
<body>
	<h1>404</h1>
	<p>this page no exist</p>
	<h2></h2>
</body>
</html>

=================================================================
HTTP/1.1 404 Not Found
Content-Type: text/html; charset=UTF-8
Date: Tue 29 Jun 2021 21:23:16 GMT
Server: webserv/1.0
Content-Length: 283

<html>
<head>
	<title>WebServ 1.0</title>
	<style>
	body { background-color: #fffff3; } 
	h1 { font-size:2cm; text-align: center; margin-top: 70px; color: black; text-shadow: 0 0 2mm green }
	</style>
</head>
<body>
	<h1>404</h1>
	<p>this page no exist</p>
	<h2></h2>
</body>
</html>

=================================================================
HTTP/1.1 404 Not Found
Content-Type: text/html; charset=UTF-8
Date: Tue 29 Jun 2021 21:23:21 GMT
Server: webserv/1.0
Content-Length: 283

<html>
<head>
	<title>WebServ 1.0</title>
	<style>
	body { background-color: #fffff3; } 
	h1 { font-size:2cm; text-align: center; margin-top: 70px; color: black; text-shadow: 0 0 2mm green }
	</style>
</head>
<body>
	<h1>404</h1>
	<p>this page no exist</p>
	<h2></h2>
</body>
</html>

=================================================================
HTTP/1.1 500 Internal Server Error
Content-Type: text/html; charset=UTF-8
Date: Tue 29 Jun 2021 21:24:50 GMT
Server: webserv/1.0
Content-Length: 0



=================================================================
HTTP/1.1 500 Internal Server Error
Content-Type: text/html; charset=UTF-8
Date: Tue 29 Jun 2021 21:24:53 GMT
Server: webserv/1.0
Content-Length: 0



=================================================================
HTTP/1.1 500 Internal Server Error
Content-Type: text/html; charset=UTF-8
Date: Tue 29 Jun 2021 21:25:03 GMT
Server: webserv/1.0
Content-Length: 0



=================================================================


=================================================================
HTTP/1.1 500 Internal Server Error
Content-Type: text/html; charset=UTF-8
Date: Tue 29 Jun 2021 21:25:43 GMT
Server: webserv/1.0
Content-Length: 0



=================================================================
